Traceback (most recent call last):
  File "/opt/homebrew/Caskroom/miniconda/base/envs/ct-book/lib/python3.11/site-packages/jupyter_cache/executors/utils.py", line 58, in single_nb_execution
    executenb(
  File "/opt/homebrew/Caskroom/miniconda/base/envs/ct-book/lib/python3.11/site-packages/nbclient/client.py", line 1305, in execute
    return NotebookClient(nb=nb, resources=resources, km=km, **kwargs).execute()
           ^^^^^^^^^^^^^^^^^^^^^^^^^^^^^^^^^^^^^^^^^^^^^^^^^^^^^^^^^^^^^^^^^^^^^
  File "/opt/homebrew/Caskroom/miniconda/base/envs/ct-book/lib/python3.11/site-packages/jupyter_core/utils/__init__.py", line 166, in wrapped
    return loop.run_until_complete(inner)
           ^^^^^^^^^^^^^^^^^^^^^^^^^^^^^^
  File "/opt/homebrew/Caskroom/miniconda/base/envs/ct-book/lib/python3.11/asyncio/base_events.py", line 653, in run_until_complete
    return future.result()
           ^^^^^^^^^^^^^^^
  File "/opt/homebrew/Caskroom/miniconda/base/envs/ct-book/lib/python3.11/site-packages/nbclient/client.py", line 705, in async_execute
    await self.async_execute_cell(
  File "/opt/homebrew/Caskroom/miniconda/base/envs/ct-book/lib/python3.11/site-packages/nbclient/client.py", line 1058, in async_execute_cell
    await self._check_raise_for_error(cell, cell_index, exec_reply)
  File "/opt/homebrew/Caskroom/miniconda/base/envs/ct-book/lib/python3.11/site-packages/nbclient/client.py", line 914, in _check_raise_for_error
    raise CellExecutionError.from_cell_and_msg(cell, exec_reply_content)
nbclient.exceptions.CellExecutionError: An error occurred while executing the following cell:
------------------
quiz=[{
        "question": "Welche Fähigkeiten zählen wir zum Computational Thinking?",
        "type": "many_choice",
        "answers": [
            {
                "answer": "Abstraktes Denken",
                "correct": True,
                "feedback": "Richtig."
            },
            {
                "answer": "Probleme in Teilprobleme zerlegen",
                "correct": True,
                "feedback": "Richtig."
            },
            {
                "answer": "Strukturen erkennen",
                "correct": True,
                "feedback": "Richtig."
            },
            {
                "answer": "Algorithmen entwerfen",
                "correct": True,
                "feedback": "Richtig."
            },
            {
                "answer": "Software entwickeln",
                "correct": False,
                "feedback": "Falsch."
            },
            {
                "answer": "Die Abarbeitung wiederholender Aufgaben",
                "correct": False,
                "feedback": "Falsch."
            }
        ]
    },
    {
        "question": "Welche Aussagen sind korrekt?",
        "type": "many_choice",
        "answers": [
            {
                "answer": "Informatik ist eine Wissenschaftsdiziplin",
                "correct": True,
                "feedback": "Richtig."
            },
            {
                "answer": "CT ist eine Denkweise",
                "correct": True,
                "feedback": "Richtig."
            },
            {
                "answer": "CT ist ein Teilgebiet der Informatik",
                "correct": False,
                "feedback": "Falsch."
            },
            {
                "answer": "CT ist eine Fähigkeit die Informatiker*innen lernen",
                "correct": True,
                "feedback": "Richtig."
            },
            {
                "answer": "Informatik ist die Wissenschaft der Computer",
                "correct": False,
                "feedback": "Falsch."
            }
        ]
    },
    {
        "question": "Weshalb kann ein sehr kurzer Programmcode zu einer langen Ausführungszeit führen?",
        "type": "many_choice",
        "answers": [
            {
                "answer": "Weil das Programm Fehler enthält",
                "correct": False,
                "feedback": "Richtig."
            },
            {
                "answer": "Weil ein bestimmter Programmcode wiederholt ausgeführt wird",
                "correct": True,
                "feedback": "Richtig."
            },
            {
                "answer": "Weil es Abzweigungen im Programmcode gibt",
                "correct": False,
                "feedback": "Falsch."
            }
        ]
    }]

from jupyterquiz import display_quiz
display_quiz(quiz, border_radius=2, lang='de')
------------------


[0;31m---------------------------------------------------------------------------[0m
[0;31mModuleNotFoundError[0m                       Traceback (most recent call last)
Cell [0;32mIn[1], line 90[0m
[1;32m      1[0m quiz[38;5;241m=[39m[{
[1;32m      2[0m         [38;5;124m"[39m[38;5;124mquestion[39m[38;5;124m"[39m: [38;5;124m"[39m[38;5;124mWelche Fähigkeiten zählen wir zum Computational Thinking?[39m[38;5;124m"[39m,
[1;32m      3[0m         [38;5;124m"[39m[38;5;124mtype[39m[38;5;124m"[39m: [38;5;124m"[39m[38;5;124mmany_choice[39m[38;5;124m"[39m,
[0;32m   (...)[0m
[1;32m     87[0m         ]
[1;32m     88[0m     }]
[0;32m---> 90[0m [38;5;28;01mfrom[39;00m [38;5;21;01mjupyterquiz[39;00m [38;5;28;01mimport[39;00m display_quiz
[1;32m     91[0m display_quiz(quiz, border_radius[38;5;241m=[39m[38;5;241m2[39m, lang[38;5;241m=[39m[38;5;124m'[39m[38;5;124mde[39m[38;5;124m'[39m)

[0;31mModuleNotFoundError[0m: No module named 'jupyterquiz'

