Traceback (most recent call last):
  File "/Users/bzoennchen/Development/workspaces/python3env/lib/python3.9/site-packages/jupyter_cache/executors/utils.py", line 51, in single_nb_execution
    executenb(
  File "/Users/bzoennchen/Development/workspaces/python3env/lib/python3.9/site-packages/nbclient/client.py", line 1107, in execute
    return NotebookClient(nb=nb, resources=resources, km=km, **kwargs).execute()
  File "/Users/bzoennchen/Development/workspaces/python3env/lib/python3.9/site-packages/nbclient/util.py", line 74, in wrapped
    return just_run(coro(*args, **kwargs))
  File "/Users/bzoennchen/Development/workspaces/python3env/lib/python3.9/site-packages/nbclient/util.py", line 53, in just_run
    return loop.run_until_complete(coro)
  File "/usr/local/Cellar/python@3.9/3.9.6/Frameworks/Python.framework/Versions/3.9/lib/python3.9/asyncio/base_events.py", line 642, in run_until_complete
    return future.result()
  File "/Users/bzoennchen/Development/workspaces/python3env/lib/python3.9/site-packages/nbclient/client.py", line 553, in async_execute
    await self.async_execute_cell(
  File "/Users/bzoennchen/Development/workspaces/python3env/lib/python3.9/site-packages/nbclient/client.py", line 852, in async_execute_cell
    self._check_raise_for_error(cell, exec_reply)
  File "/Users/bzoennchen/Development/workspaces/python3env/lib/python3.9/site-packages/nbclient/client.py", line 760, in _check_raise_for_error
    raise CellExecutionError.from_cell_and_msg(cell, exec_reply_content)
nbclient.exceptions.CellExecutionError: An error occurred while executing the following cell:
------------------
mylist = new_list([1,2,"Hello World",4,5], memory, inuse)
mylist
------------------

[0;31m---------------------------------------------------------------------------[0m
[0;31mTypeError[0m                                 Traceback (most recent call last)
[0;32m<ipython-input-24-b9d9e138c6bc>[0m in [0;36m<module>[0;34m[0m
[0;32m----> 1[0;31m [0mmylist[0m [0;34m=[0m [0mnew_list[0m[0;34m([0m[0;34m[[0m[0;36m1[0m[0;34m,[0m[0;36m2[0m[0;34m,[0m[0;34m"Hello World"[0m[0;34m,[0m[0;36m4[0m[0;34m,[0m[0;36m5[0m[0;34m][0m[0;34m,[0m [0mmemory[0m[0;34m,[0m [0minuse[0m[0;34m)[0m[0;34m[0m[0;34m[0m[0m
[0m[1;32m      2[0m [0mmylist[0m[0;34m[0m[0;34m[0m[0m

[0;32m<ipython-input-20-d41dc546c4ff>[0m in [0;36mnew_list[0;34m(values, memory, inuse)[0m
[1;32m     10[0m [0;32mdef[0m [0mnew_list[0m[0;34m([0m[0mvalues[0m[0;34m,[0m [0mmemory[0m[0;34m,[0m [0minuse[0m[0;34m)[0m[0;34m:[0m[0;34m[0m[0;34m[0m[0m
[1;32m     11[0m     [0mlength[0m [0;34m=[0m [0mlen[0m[0;34m([0m[0mvalues[0m[0;34m)[0m[0;34m[0m[0;34m[0m[0m
[0;32m---> 12[0;31m     [0mmylist[0m [0;34m=[0m [0malloc_list[0m[0;34m([0m[0mto_data_type[0m[0;34m([0m[0;34m'addr'[0m[0;34m)[0m[0;34m,[0m [0mlength[0m[0;34m,[0m [0mmemory[0m[0;34m,[0m [0minuse[0m[0;34m)[0m[0;34m[0m[0;34m[0m[0m
[0m[1;32m     13[0m [0;34m[0m[0m
[1;32m     14[0m     [0;32mfor[0m [0mi[0m [0;32min[0m [0mrange[0m[0;34m([0m[0mlength[0m[0;34m)[0m[0;34m:[0m[0;34m[0m[0;34m[0m[0m

[0;32m<ipython-input-11-25df80b80543>[0m in [0;36malloc_list[0;34m(data_type, n, memory, inuse)[0m
[1;32m     10[0m [0;34m[0m[0m
[1;32m     11[0m     [0;31m# 1. alloc memory[0m[0;34m[0m[0;34m[0m[0;34m[0m[0m
[0;32m---> 12[0;31m     [0maddr[0m [0;34m=[0m [0mmalloc[0m[0;34m([0m[0mn_bytes[0m[0;34m,[0m [0mmemory[0m[0;34m,[0m [0minuse[0m[0;34m)[0m[0;34m[0m[0;34m[0m[0m
[0m[1;32m     13[0m [0;34m[0m[0m
[1;32m     14[0m     [0;31m# 2. initalize meta data (data type of the list and its elements and length of the list)[0m[0;34m[0m[0;34m[0m[0;34m[0m[0m

[0;32m<ipython-input-4-0283bc89b06d>[0m in [0;36mmalloc[0;34m(n_bytes, memory, inuse)[0m
[1;32m     20[0m             [0mcount[0m [0;34m=[0m [0;36m0[0m[0;34m[0m[0;34m[0m[0m
[1;32m     21[0m         [0;32mif[0m [0mcount[0m [0;34m==[0m [0mn_bytes[0m[0;34m:[0m[0;34m[0m[0;34m[0m[0m
[0;32m---> 22[0;31m             [0;32mif[0m [0munfree[0m[0;34m([0m[0maddr[0m[0;34m,[0m [0mn_bytes[0m[0;34m,[0m [0mmemory[0m[0;34m,[0m [0minuse[0m[0;34m)[0m[0;34m:[0m[0;34m[0m[0;34m[0m[0m
[0m[1;32m     23[0m                 [0;32mreturn[0m [0maddr[0m[0;34m[0m[0;34m[0m[0m
[1;32m     24[0m             [0;32melse[0m[0;34m:[0m[0;34m[0m[0;34m[0m[0m

[0;32m<ipython-input-4-0283bc89b06d>[0m in [0;36munfree[0;34m(addr, n_bytes, memory, inuse)[0m
[1;32m      4[0m [0;32mdef[0m [0munfree[0m[0;34m([0m[0maddr[0m[0;34m,[0m [0mn_bytes[0m[0;34m,[0m [0mmemory[0m[0;34m,[0m [0minuse[0m[0;34m)[0m[0;34m:[0m[0;34m[0m[0;34m[0m[0m
[1;32m      5[0m     [0;32mfor[0m [0mi[0m [0;32min[0m [0mrange[0m[0;34m([0m[0mn_bytes[0m[0;34m)[0m[0;34m:[0m[0;34m[0m[0;34m[0m[0m
[0;32m----> 6[0;31m         [0;32mif[0m [0mis_valid[0m[0;34m([0m[0maddr[0m[0;34m+[0m[0mi[0m[0;34m,[0m [0mmemory[0m[0;34m)[0m[0;34m:[0m[0;34m[0m[0;34m[0m[0m
[0m[1;32m      7[0m             [0minuse[0m[0;34m[[0m[0maddr[0m[0;34m+[0m[0mi[0m[0;34m][0m [0;34m=[0m [0;32mTrue[0m[0;34m[0m[0;34m[0m[0m
[1;32m      8[0m         [0;32melse[0m[0;34m:[0m[0;34m[0m[0;34m[0m[0m

[0;32m<ipython-input-3-0970c571b9d3>[0m in [0;36mis_valid[0;34m(addr, memory)[0m
[1;32m      1[0m [0;32mdef[0m [0mis_valid[0m[0;34m([0m[0maddr[0m[0;34m,[0m [0mmemory[0m[0;34m)[0m[0;34m:[0m[0;34m[0m[0;34m[0m[0m
[0;32m----> 2[0;31m     [0;32mreturn[0m [0maddr[0m [0;34m>=[0m [0;36m0[0m [0;32mand[0m [0maddr[0m [0;34m<[0m [0mlen[0m[0;34m([0m[0mmemory[0m[0;34m)[0m[0;34m[0m[0;34m[0m[0m
[0m[1;32m      3[0m [0;34m[0m[0m
[1;32m      4[0m [0;32mdef[0m [0mis_free[0m[0;34m([0m[0maddr[0m[0;34m,[0m [0mmemory[0m[0;34m,[0m [0minuse[0m[0;34m)[0m[0;34m:[0m[0;34m[0m[0;34m[0m[0m
[1;32m      5[0m     [0;32mreturn[0m [0mis_valid[0m[0;34m([0m[0maddr[0m[0;34m,[0m [0mmemory[0m[0;34m)[0m [0;32mand[0m [0;32mnot[0m [0minuse[0m[0;34m[[0m[0maddr[0m[0;34m][0m[0;34m[0m[0;34m[0m[0m

[0;31mTypeError[0m: object of type 'Memory' has no len()
TypeError: object of type 'Memory' has no len()

