Traceback (most recent call last):
  File "/Users/bzoennchen/Development/workspaces/python3env/lib/python3.9/site-packages/jupyter_cache/executors/utils.py", line 51, in single_nb_execution
    executenb(
  File "/Users/bzoennchen/Development/workspaces/python3env/lib/python3.9/site-packages/nbclient/client.py", line 1107, in execute
    return NotebookClient(nb=nb, resources=resources, km=km, **kwargs).execute()
  File "/Users/bzoennchen/Development/workspaces/python3env/lib/python3.9/site-packages/nbclient/util.py", line 74, in wrapped
    return just_run(coro(*args, **kwargs))
  File "/Users/bzoennchen/Development/workspaces/python3env/lib/python3.9/site-packages/nbclient/util.py", line 53, in just_run
    return loop.run_until_complete(coro)
  File "/usr/local/Cellar/python@3.9/3.9.6/Frameworks/Python.framework/Versions/3.9/lib/python3.9/asyncio/base_events.py", line 642, in run_until_complete
    return future.result()
  File "/Users/bzoennchen/Development/workspaces/python3env/lib/python3.9/site-packages/nbclient/client.py", line 553, in async_execute
    await self.async_execute_cell(
  File "/Users/bzoennchen/Development/workspaces/python3env/lib/python3.9/site-packages/nbclient/client.py", line 852, in async_execute_cell
    self._check_raise_for_error(cell, exec_reply)
  File "/Users/bzoennchen/Development/workspaces/python3env/lib/python3.9/site-packages/nbclient/client.py", line 760, in _check_raise_for_error
    raise CellExecutionError.from_cell_and_msg(cell, exec_reply_content)
nbclient.exceptions.CellExecutionError: An error occurred while executing the following cell:
------------------
import random

def random_turn(robo):
    turns = random.choice([0,1,2,3])
    for _ in range(turns):
        robo.turn()

def random_walk(robo):
    while not robo.is_at_goal():
        random_turn(robo)
        if not robo.is_wall_in_front():
            robo.move()

random_walk(robo)
print(world.is_successful())
------------------

[0;31m---------------------------------------------------------------------------[0m
[0;31mAttributeError[0m                            Traceback (most recent call last)
[0;32m<ipython-input-26-2a90ce334f53>[0m in [0;36m<module>[0;34m[0m
[1;32m     12[0m             [0mrobo[0m[0;34m.[0m[0mmove[0m[0;34m([0m[0;34m)[0m[0;34m[0m[0;34m[0m[0m
[1;32m     13[0m [0;34m[0m[0m
[0;32m---> 14[0;31m [0mrandom_walk[0m[0;34m([0m[0mrobo[0m[0;34m)[0m[0;34m[0m[0;34m[0m[0m
[0m[1;32m     15[0m [0mprint[0m[0;34m([0m[0mworld[0m[0;34m.[0m[0mis_successful[0m[0;34m([0m[0;34m)[0m[0;34m)[0m[0;34m[0m[0;34m[0m[0m

[0;32m<ipython-input-26-2a90ce334f53>[0m in [0;36mrandom_walk[0;34m(robo)[0m
[1;32m      8[0m [0;32mdef[0m [0mrandom_walk[0m[0;34m([0m[0mrobo[0m[0;34m)[0m[0;34m:[0m[0;34m[0m[0;34m[0m[0m
[1;32m      9[0m     [0;32mwhile[0m [0;32mnot[0m [0mrobo[0m[0;34m.[0m[0mis_at_goal[0m[0;34m([0m[0;34m)[0m[0;34m:[0m[0;34m[0m[0;34m[0m[0m
[0;32m---> 10[0;31m         [0mrandom_turn[0m[0;34m([0m[0mrobo[0m[0;34m)[0m[0;34m[0m[0;34m[0m[0m
[0m[1;32m     11[0m         [0;32mif[0m [0;32mnot[0m [0mrobo[0m[0;34m.[0m[0mis_wall_in_front[0m[0;34m([0m[0;34m)[0m[0;34m:[0m[0;34m[0m[0;34m[0m[0m
[1;32m     12[0m             [0mrobo[0m[0;34m.[0m[0mmove[0m[0;34m([0m[0;34m)[0m[0;34m[0m[0;34m[0m[0m

[0;32m<ipython-input-26-2a90ce334f53>[0m in [0;36mrandom_turn[0;34m(robo)[0m
[1;32m      4[0m     [0mturns[0m [0;34m=[0m [0mrandom[0m[0;34m.[0m[0mchoice[0m[0;34m([0m[0;34m[[0m[0;36m0[0m[0;34m,[0m[0;36m1[0m[0;34m,[0m[0;36m2[0m[0;34m,[0m[0;36m3[0m[0;34m][0m[0;34m)[0m[0;34m[0m[0;34m[0m[0m
[1;32m      5[0m     [0;32mfor[0m [0m_[0m [0;32min[0m [0mrange[0m[0;34m([0m[0mturns[0m[0;34m)[0m[0;34m:[0m[0;34m[0m[0;34m[0m[0m
[0;32m----> 6[0;31m         [0mrobo[0m[0;34m.[0m[0mturn[0m[0;34m([0m[0;34m)[0m[0;34m[0m[0;34m[0m[0m
[0m[1;32m      7[0m [0;34m[0m[0m
[1;32m      8[0m [0;32mdef[0m [0mrandom_walk[0m[0;34m([0m[0mrobo[0m[0;34m)[0m[0;34m:[0m[0;34m[0m[0;34m[0m[0m

[0;31mAttributeError[0m: 'Agent' object has no attribute 'turn'
AttributeError: 'Agent' object has no attribute 'turn'

