Traceback (most recent call last):
  File "/Users/bzoennchen/Development/workspaces/python3env/lib/python3.9/site-packages/jupyter_cache/executors/utils.py", line 51, in single_nb_execution
    executenb(
  File "/Users/bzoennchen/Development/workspaces/python3env/lib/python3.9/site-packages/nbclient/client.py", line 1107, in execute
    return NotebookClient(nb=nb, resources=resources, km=km, **kwargs).execute()
  File "/Users/bzoennchen/Development/workspaces/python3env/lib/python3.9/site-packages/nbclient/util.py", line 74, in wrapped
    return just_run(coro(*args, **kwargs))
  File "/Users/bzoennchen/Development/workspaces/python3env/lib/python3.9/site-packages/nbclient/util.py", line 53, in just_run
    return loop.run_until_complete(coro)
  File "/Library/Frameworks/Python.framework/Versions/3.9/lib/python3.9/asyncio/base_events.py", line 642, in run_until_complete
    return future.result()
  File "/Users/bzoennchen/Development/workspaces/python3env/lib/python3.9/site-packages/nbclient/client.py", line 553, in async_execute
    await self.async_execute_cell(
  File "/Users/bzoennchen/Development/workspaces/python3env/lib/python3.9/site-packages/nbclient/client.py", line 852, in async_execute_cell
    self._check_raise_for_error(cell, exec_reply)
  File "/Users/bzoennchen/Development/workspaces/python3env/lib/python3.9/site-packages/nbclient/client.py", line 760, in _check_raise_for_error
    raise CellExecutionError.from_cell_and_msg(cell, exec_reply_content)
nbclient.exceptions.CellExecutionError: An error occurred while executing the following cell:
------------------
%timeit fac(5000)
------------------

[0;31m---------------------------------------------------------------------------[0m
[0;31mRecursionError[0m                            Traceback (most recent call last)
[0;32m<ipython-input-5-892bdcd3880a>[0m in [0;36m<module>[0;34m[0m
[0;32m----> 1[0;31m [0mget_ipython[0m[0;34m([0m[0;34m)[0m[0;34m.[0m[0mrun_line_magic[0m[0;34m([0m[0;34m'timeit'[0m[0;34m,[0m [0;34m'fac(5000)'[0m[0;34m)[0m[0;34m[0m[0;34m[0m[0m
[0m
[0;32m~/Development/workspaces/python3env/lib/python3.9/site-packages/IPython/core/interactiveshell.py[0m in [0;36mrun_line_magic[0;34m(self, magic_name, line, _stack_depth)[0m
[1;32m   2334[0m                 [0mkwargs[0m[0;34m[[0m[0;34m'local_ns'[0m[0;34m][0m [0;34m=[0m [0mself[0m[0;34m.[0m[0mget_local_scope[0m[0;34m([0m[0mstack_depth[0m[0;34m)[0m[0;34m[0m[0;34m[0m[0m
[1;32m   2335[0m             [0;32mwith[0m [0mself[0m[0;34m.[0m[0mbuiltin_trap[0m[0;34m:[0m[0;34m[0m[0;34m[0m[0m
[0;32m-> 2336[0;31m                 [0mresult[0m [0;34m=[0m [0mfn[0m[0;34m([0m[0;34m*[0m[0margs[0m[0;34m,[0m [0;34m**[0m[0mkwargs[0m[0;34m)[0m[0;34m[0m[0;34m[0m[0m
[0m[1;32m   2337[0m             [0;32mreturn[0m [0mresult[0m[0;34m[0m[0;34m[0m[0m
[1;32m   2338[0m [0;34m[0m[0m

[0;32m<decorator-gen-53>[0m in [0;36mtimeit[0;34m(self, line, cell, local_ns)[0m

[0;32m~/Development/workspaces/python3env/lib/python3.9/site-packages/IPython/core/magic.py[0m in [0;36m<lambda>[0;34m(f, *a, **k)[0m
[1;32m    185[0m     [0;31m# but it's overkill for just that one bit of state.[0m[0;34m[0m[0;34m[0m[0m
[1;32m    186[0m     [0;32mdef[0m [0mmagic_deco[0m[0;34m([0m[0marg[0m[0;34m)[0m[0;34m:[0m[0;34m[0m[0;34m[0m[0m
[0;32m--> 187[0;31m         [0mcall[0m [0;34m=[0m [0;32mlambda[0m [0mf[0m[0;34m,[0m [0;34m*[0m[0ma[0m[0;34m,[0m [0;34m**[0m[0mk[0m[0;34m:[0m [0mf[0m[0;34m([0m[0;34m*[0m[0ma[0m[0;34m,[0m [0;34m**[0m[0mk[0m[0;34m)[0m[0;34m[0m[0;34m[0m[0m
[0m[1;32m    188[0m [0;34m[0m[0m
[1;32m    189[0m         [0;32mif[0m [0mcallable[0m[0;34m([0m[0marg[0m[0;34m)[0m[0;34m:[0m[0;34m[0m[0;34m[0m[0m

[0;32m~/Development/workspaces/python3env/lib/python3.9/site-packages/IPython/core/magics/execution.py[0m in [0;36mtimeit[0;34m(self, line, cell, local_ns)[0m
[1;32m   1167[0m             [0;32mfor[0m [0mindex[0m [0;32min[0m [0mrange[0m[0;34m([0m[0;36m0[0m[0;34m,[0m [0;36m10[0m[0;34m)[0m[0;34m:[0m[0;34m[0m[0;34m[0m[0m
[1;32m   1168[0m                 [0mnumber[0m [0;34m=[0m [0;36m10[0m [0;34m**[0m [0mindex[0m[0;34m[0m[0;34m[0m[0m
[0;32m-> 1169[0;31m                 [0mtime_number[0m [0;34m=[0m [0mtimer[0m[0;34m.[0m[0mtimeit[0m[0;34m([0m[0mnumber[0m[0;34m)[0m[0;34m[0m[0;34m[0m[0m
[0m[1;32m   1170[0m                 [0;32mif[0m [0mtime_number[0m [0;34m>=[0m [0;36m0.2[0m[0;34m:[0m[0;34m[0m[0;34m[0m[0m
[1;32m   1171[0m                     [0;32mbreak[0m[0;34m[0m[0;34m[0m[0m

[0;32m~/Development/workspaces/python3env/lib/python3.9/site-packages/IPython/core/magics/execution.py[0m in [0;36mtimeit[0;34m(self, number)[0m
[1;32m    167[0m         [0mgc[0m[0;34m.[0m[0mdisable[0m[0;34m([0m[0;34m)[0m[0;34m[0m[0;34m[0m[0m
[1;32m    168[0m         [0;32mtry[0m[0;34m:[0m[0;34m[0m[0;34m[0m[0m
[0;32m--> 169[0;31m             [0mtiming[0m [0;34m=[0m [0mself[0m[0;34m.[0m[0minner[0m[0;34m([0m[0mit[0m[0;34m,[0m [0mself[0m[0;34m.[0m[0mtimer[0m[0;34m)[0m[0;34m[0m[0;34m[0m[0m
[0m[1;32m    170[0m         [0;32mfinally[0m[0;34m:[0m[0;34m[0m[0;34m[0m[0m
[1;32m    171[0m             [0;32mif[0m [0mgcold[0m[0;34m:[0m[0;34m[0m[0;34m[0m[0m

[0;32m<magic-timeit>[0m in [0;36minner[0;34m(_it, _timer)[0m

[0;32m<ipython-input-1-452caf8b0569>[0m in [0;36mfac[0;34m(n)[0m
[1;32m      3[0m         [0;32mreturn[0m [0;36m1[0m[0;34m[0m[0;34m[0m[0m
[1;32m      4[0m     [0;32melse[0m[0;34m:[0m         [0;31m# Recursive case[0m[0;34m[0m[0;34m[0m[0m
[0;32m----> 5[0;31m         [0;32mreturn[0m [0mn[0m [0;34m*[0m [0mfac[0m[0;34m([0m[0mn[0m[0;34m-[0m[0;36m1[0m[0;34m)[0m [0;31m# Recursive call[0m[0;34m[0m[0;34m[0m[0m
[0m[1;32m      6[0m [0;34m[0m[0m
[1;32m      7[0m [0mfac[0m[0;34m([0m[0;36m4[0m[0;34m)[0m[0;34m[0m[0;34m[0m[0m

... last 1 frames repeated, from the frame below ...

[0;32m<ipython-input-1-452caf8b0569>[0m in [0;36mfac[0;34m(n)[0m
[1;32m      3[0m         [0;32mreturn[0m [0;36m1[0m[0;34m[0m[0;34m[0m[0m
[1;32m      4[0m     [0;32melse[0m[0;34m:[0m         [0;31m# Recursive case[0m[0;34m[0m[0;34m[0m[0m
[0;32m----> 5[0;31m         [0;32mreturn[0m [0mn[0m [0;34m*[0m [0mfac[0m[0;34m([0m[0mn[0m[0;34m-[0m[0;36m1[0m[0;34m)[0m [0;31m# Recursive call[0m[0;34m[0m[0;34m[0m[0m
[0m[1;32m      6[0m [0;34m[0m[0m
[1;32m      7[0m [0mfac[0m[0;34m([0m[0;36m4[0m[0;34m)[0m[0;34m[0m[0;34m[0m[0m

[0;31mRecursionError[0m: maximum recursion depth exceeded in comparison
RecursionError: maximum recursion depth exceeded in comparison

